2025-10-28T17:24:03+01:00 - PARAMS: {":nm":"dsadas",":ds":null,":dur":null,":hin":"23:33",":hfn":"23:46",":prof":null,":id_dia":1,":dt":"Domingo"}

2025-10-28T17:24:03+01:00 - PARAMS: {":nm":"das",":ds":null,":dur":null,":hin":"21:33",":hfn":"21:34",":prof":null,":id_dia":1,":dt":"Domingo"}

2025-10-28T18:09:34+01:00 - PARAMS: {":nm":"Boxe 1",":ds":null,":dur":null,":hin":"15:55",":hfn":"16:55",":prof":null,":id_dia":1,":dt":"Domingo"}

2025-10-28T18:09:34+01:00 - PARAMS: {":nm":"Boxe 2",":ds":null,":dur":null,":hin":"17:00",":hfn":"18:00",":prof":null,":id_dia":1,":dt":"Domingo"}

2025-10-28T18:09:34+01:00 - PARAMS: {":nm":"Boxe 1",":ds":null,":dur":null,":hin":"15:55",":hfn":"16:55",":prof":null,":id_dia":3,":dt":"Ter\u00e7a-feira"}

2025-10-28T18:09:35+01:00 - PARAMS: {":nm":"Boxe 2",":ds":null,":dur":null,":hin":"13:55",":hfn":"16:55",":prof":null,":id_dia":3,":dt":"Ter\u00e7a-feira"}

2025-10-28T18:09:35+01:00 - PARAMS: {":nm":"Jiu jitsu",":ds":null,":dur":null,":hin":"16:55",":hfn":"17:55",":prof":null,":id_dia":5,":dt":"Quinta-feira"}

2025-10-28T18:22:49+01:00 - PARAMS: {":nm":"dsadsad",":ds":null,":dur":null,":hin":"21:22",":hfn":"23:03",":prof":null,":id_dia":1,":dt":"Domingo"}

2025-10-28T18:22:49+01:00 - PARAMS: {":nm":"fdsafasf",":ds":null,":dur":null,":hin":"21:22",":hfn":"23:21",":prof":null,":id_dia":2,":dt":"Segunda-feira"}

2025-10-28T18:22:49+01:00 - PARAMS: {":nm":"dsad",":ds":null,":dur":null,":hin":"21:22",":hfn":"22:33",":prof":null,":id_dia":1,":dt":"Domingo"}

2025-10-28T18:22:49+01:00 - PARAMS: {":nm":"dsad",":ds":null,":dur":null,":hin":"21:23",":hfn":"22:33",":prof":null,":id_dia":3,":dt":"Ter\u00e7a-feira"}

2025-10-28T18:22:49+01:00 - PARAMS: {":nm":"dasdas",":ds":null,":dur":null,":hin":"21:22",":hfn":"22:22",":prof":null,":id_dia":4,":dt":"Quarta-feira"}

2025-10-28T20:21:10+01:00 - PARAMS: {":nm":"dsdsa",":ds":null,":dur":null,":hin":"21:33",":hfn":"22:33",":prof":null,":id_dia":3,":dt":"Ter\u00e7a-feira"}

2025-10-28T20:27:44+01:00 - PARAMS: {":nm":"teste1",":ds":null,":dur":null,":hin":"23:23",":hfn":"23:55",":prof":null,":id_dia":1,":dt":"Domingo"}

2025-10-28T20:27:44+01:00 - PARAMS: {":nm":"teste2",":ds":null,":dur":null,":hin":"21:23",":hfn":"21:55",":prof":null,":id_dia":2,":dt":"Segunda-feira"}

2025-10-28T20:27:44+01:00 - PARAMS: {":nm":"teste3",":ds":null,":dur":null,":hin":"21:23",":hfn":"22:23",":prof":null,":id_dia":3,":dt":"Ter\u00e7a-feira"}

2025-10-28T20:49:18+01:00 - PARAMS: {":nm":"dsadas",":ds":null,":dur":null,":hin":"21:22",":hfn":"22:22",":prof":null,":id_dia":1,":dt":"Domingo"}

2025-10-28T21:36:59+01:00 - PARAMS: {":nm":"dasdsa",":ds":null,":dur":null,":hin":"21:23",":hfn":"22:03",":prof":null,":id_dia":3,":dt":"Ter\u00e7a-feira"}

2025-10-29T14:08:19+01:00 - PARAMS: {":nm":"dasdas",":ds":null,":dur":null,":hin":"21:22",":hfn":"22:23",":prof":null,":id_dia":4,":dt":"Quarta-feira"}

2025-10-29T19:13:57+01:00 - PARAMS: {":nm":"aula",":ds":null,":dur":null,":hin":"11:11",":hfn":"11:11",":prof":null,":id_dia":1,":dt":"Domingo"}

2025-10-29T20:34:10+01:00 - PARAMS: {":nm":"Parra",":ds":null,":dur":null,":hin":"12:00",":hfn":"14:00",":prof":null,":id_dia":1,":dt":"Domingo"}

